{"C:\\Users\\yukis\\Desktop\\uba-api_intern\\src\\controller\\usercntroller.ts": {"path":"C:\\Users\\yukis\\Desktop\\uba-api_intern\\src\\controller\\usercntroller.ts","statementMap":{"0":{"start":{"line":2,"column":0},"end":{"line":2,"column":89}},"1":{"start":{"line":3,"column":14},"end":{"line":3,"column":24}},"2":{"start":{"line":5,"column":24},"end":{"line":5,"column":76}},"3":{"start":{"line":5,"column":57},"end":{"line":5,"column":76}},"4":{"start":{"line":5,"column":13},"end":{"line":5,"column":24}},"5":{"start":{"line":7,"column":27},"end":{"line":7,"column":94}},"6":{"start":{"line":7,"column":60},"end":{"line":7,"column":94}},"7":{"start":{"line":7,"column":13},"end":{"line":7,"column":27}},"8":{"start":{"line":9,"column":26},"end":{"line":9,"column":90}},"9":{"start":{"line":9,"column":59},"end":{"line":9,"column":90}},"10":{"start":{"line":9,"column":13},"end":{"line":9,"column":26}},"11":{"start":{"line":11,"column":26},"end":{"line":11,"column":105}},"12":{"start":{"line":11,"column":59},"end":{"line":11,"column":105}},"13":{"start":{"line":11,"column":13},"end":{"line":11,"column":26}},"14":{"start":{"line":13,"column":26},"end":{"line":13,"column":95}},"15":{"start":{"line":13,"column":59},"end":{"line":13,"column":95}},"16":{"start":{"line":13,"column":13},"end":{"line":13,"column":26}}},"fnMap":{"0":{"name":"(anonymous_0)","decl":{"start":{"line":5,"column":24},"end":{"line":5,"column":25}},"loc":{"start":{"line":5,"column":57},"end":{"line":5,"column":76}}},"1":{"name":"(anonymous_1)","decl":{"start":{"line":7,"column":27},"end":{"line":7,"column":28}},"loc":{"start":{"line":7,"column":60},"end":{"line":7,"column":94}}},"2":{"name":"(anonymous_2)","decl":{"start":{"line":9,"column":26},"end":{"line":9,"column":27}},"loc":{"start":{"line":9,"column":59},"end":{"line":9,"column":90}}},"3":{"name":"(anonymous_3)","decl":{"start":{"line":11,"column":26},"end":{"line":11,"column":27}},"loc":{"start":{"line":11,"column":59},"end":{"line":11,"column":105}}},"4":{"name":"(anonymous_4)","decl":{"start":{"line":13,"column":26},"end":{"line":13,"column":27}},"loc":{"start":{"line":13,"column":59},"end":{"line":13,"column":95}}}},"branchMap":{},"s":{"0":1,"1":1,"2":1,"3":1,"4":1,"5":1,"6":1,"7":1,"8":1,"9":1,"10":1,"11":1,"12":1,"13":1,"14":1,"15":1,"16":1},"f":{"0":1,"1":1,"2":1,"3":1,"4":1},"b":{}}
,"C:\\Users\\yukis\\Desktop\\uba-api_intern\\src\\graphql\\query\\employeeQueries.ts": {"path":"C:\\Users\\yukis\\Desktop\\uba-api_intern\\src\\graphql\\query\\employeeQueries.ts","statementMap":{"0":{"start":{"line":2,"column":13},"end":{"line":2,"column":56}},"1":{"start":{"line":4,"column":13},"end":{"line":4,"column":69}},"2":{"start":{"line":6,"column":13},"end":{"line":7,"column":127}},"3":{"start":{"line":10,"column":13},"end":{"line":21,"column":2}},"4":{"start":{"line":25,"column":13},"end":{"line":25,"column":70}}},"fnMap":{},"branchMap":{},"s":{"0":2,"1":2,"2":2,"3":2,"4":2},"f":{},"b":{}}
,"C:\\Users\\yukis\\Desktop\\uba-api_intern\\src\\graphql\\resolver\\employeeresolver.ts": {"path":"C:\\Users\\yukis\\Desktop\\uba-api_intern\\src\\graphql\\resolver\\employeeresolver.ts","statementMap":{"0":{"start":{"line":1,"column":0},"end":{"line":1,"column":35}},"1":{"start":{"line":2,"column":0},"end":{"line":2,"column":28}},"2":{"start":{"line":3,"column":0},"end":{"line":3,"column":null}},"3":{"start":{"line":11,"column":17},"end":{"line":116,"column":2}},"4":{"start":{"line":14,"column":6},"end":{"line":19,"column":9}},"5":{"start":{"line":15,"column":8},"end":{"line":18,"column":11}},"6":{"start":{"line":16,"column":10},"end":{"line":17,"column":31}},"7":{"start":{"line":16,"column":19},"end":{"line":16,"column":71}},"8":{"start":{"line":17,"column":15},"end":{"line":17,"column":31}},"9":{"start":{"line":23,"column":6},"end":{"line":28,"column":9}},"10":{"start":{"line":24,"column":8},"end":{"line":27,"column":11}},"11":{"start":{"line":25,"column":10},"end":{"line":26,"column":35}},"12":{"start":{"line":25,"column":19},"end":{"line":25,"column":71}},"13":{"start":{"line":26,"column":15},"end":{"line":26,"column":35}},"14":{"start":{"line":33,"column":56},"end":{"line":62,"column":null}},"15":{"start":{"line":36,"column":10},"end":{"line":36,"column":20}},"16":{"start":{"line":38,"column":29},"end":{"line":38,"column":60}},"17":{"start":{"line":40,"column":6},"end":{"line":61,"column":9}},"18":{"start":{"line":41,"column":8},"end":{"line":60,"column":10}},"19":{"start":{"line":45,"column":12},"end":{"line":58,"column":13}},"20":{"start":{"line":45,"column":21},"end":{"line":45,"column":73}},"21":{"start":{"line":47,"column":14},"end":{"line":57,"column":17}},"22":{"start":{"line":64,"column":96},"end":{"line":103,"column":null}},"23":{"start":{"line":67,"column":10},"end":{"line":67,"column":17}},"24":{"start":{"line":69,"column":29},"end":{"line":69,"column":83}},"25":{"start":{"line":71,"column":6},"end":{"line":102,"column":9}},"26":{"start":{"line":72,"column":8},"end":{"line":101,"column":10}},"27":{"start":{"line":86,"column":12},"end":{"line":99,"column":13}},"28":{"start":{"line":86,"column":21},"end":{"line":86,"column":73}},"29":{"start":{"line":88,"column":14},"end":{"line":98,"column":17}},"30":{"start":{"line":106,"column":6},"end":{"line":113,"column":9}},"31":{"start":{"line":107,"column":23},"end":{"line":107,"column":27}},"32":{"start":{"line":109,"column":8},"end":{"line":112,"column":11}},"33":{"start":{"line":110,"column":10},"end":{"line":111,"column":48}},"34":{"start":{"line":110,"column":19},"end":{"line":110,"column":71}},"35":{"start":{"line":111,"column":15},"end":{"line":111,"column":48}},"36":{"start":{"line":118,"column":0},"end":{"line":118,"column":24}}},"fnMap":{"0":{"name":"(anonymous_7)","decl":{"start":{"line":13,"column":4},"end":{"line":13,"column":16}},"loc":{"start":{"line":13,"column":16},"end":{"line":20,"column":5}}},"1":{"name":"(anonymous_8)","decl":{"start":{"line":14,"column":25},"end":{"line":14,"column":26}},"loc":{"start":{"line":14,"column":45},"end":{"line":19,"column":7}}},"2":{"name":"(anonymous_9)","decl":{"start":{"line":15,"column":35},"end":{"line":15,"column":36}},"loc":{"start":{"line":15,"column":51},"end":{"line":18,"column":9}}},"3":{"name":"(anonymous_10)","decl":{"start":{"line":22,"column":4},"end":{"line":22,"column":12}},"loc":{"start":{"line":22,"column":41},"end":{"line":29,"column":5}}},"4":{"name":"(anonymous_11)","decl":{"start":{"line":23,"column":25},"end":{"line":23,"column":26}},"loc":{"start":{"line":23,"column":45},"end":{"line":28,"column":7}}},"5":{"name":"(anonymous_12)","decl":{"start":{"line":24,"column":46},"end":{"line":24,"column":47}},"loc":{"start":{"line":24,"column":63},"end":{"line":27,"column":9}}},"6":{"name":"(anonymous_13)","decl":{"start":{"line":33,"column":17},"end":{"line":33,"column":24}},"loc":{"start":{"line":33,"column":56},"end":{"line":62,"column":null}}},"7":{"name":"(anonymous_14)","decl":{"start":{"line":33,"column":56},"end":{"line":33,"column":null}},"loc":{"start":{"line":33,"column":56},"end":{"line":62,"column":5}}},"8":{"name":"(anonymous_15)","decl":{"start":{"line":40,"column":25},"end":{"line":40,"column":26}},"loc":{"start":{"line":40,"column":45},"end":{"line":61,"column":7}}},"9":{"name":"(anonymous_16)","decl":{"start":{"line":44,"column":10},"end":{"line":44,"column":11}},"loc":{"start":{"line":44,"column":27},"end":{"line":59,"column":11}}},"10":{"name":"(anonymous_17)","decl":{"start":{"line":64,"column":20},"end":{"line":64,"column":27}},"loc":{"start":{"line":64,"column":96},"end":{"line":103,"column":null}}},"11":{"name":"(anonymous_18)","decl":{"start":{"line":64,"column":96},"end":{"line":64,"column":null}},"loc":{"start":{"line":64,"column":92},"end":{"line":103,"column":5}}},"12":{"name":"(anonymous_19)","decl":{"start":{"line":71,"column":25},"end":{"line":71,"column":26}},"loc":{"start":{"line":71,"column":45},"end":{"line":102,"column":7}}},"13":{"name":"(anonymous_20)","decl":{"start":{"line":85,"column":10},"end":{"line":85,"column":11}},"loc":{"start":{"line":85,"column":26},"end":{"line":100,"column":11}}},"14":{"name":"(anonymous_21)","decl":{"start":{"line":105,"column":20},"end":{"line":105,"column":21}},"loc":{"start":{"line":105,"column":53},"end":{"line":114,"column":5}}},"15":{"name":"(anonymous_22)","decl":{"start":{"line":106,"column":25},"end":{"line":106,"column":26}},"loc":{"start":{"line":106,"column":45},"end":{"line":113,"column":7}}},"16":{"name":"(anonymous_23)","decl":{"start":{"line":109,"column":44},"end":{"line":109,"column":45}},"loc":{"start":{"line":109,"column":60},"end":{"line":112,"column":9}}}},"branchMap":{"0":{"loc":{"start":{"line":16,"column":10},"end":{"line":17,"column":31}},"type":"if","locations":[{"start":{"line":16,"column":10},"end":{"line":17,"column":31}},{"start":{"line":17,"column":15},"end":{"line":17,"column":31}}]},"1":{"loc":{"start":{"line":25,"column":10},"end":{"line":26,"column":35}},"type":"if","locations":[{"start":{"line":25,"column":10},"end":{"line":26,"column":35}},{"start":{"line":26,"column":15},"end":{"line":26,"column":35}}]},"2":{"loc":{"start":{"line":45,"column":12},"end":{"line":58,"column":13}},"type":"if","locations":[{"start":{"line":45,"column":12},"end":{"line":58,"column":13}},{"start":{"line":46,"column":17},"end":{"line":58,"column":13}}]},"3":{"loc":{"start":{"line":69,"column":29},"end":{"line":69,"column":83}},"type":"cond-expr","locations":[{"start":{"line":69,"column":40},"end":{"line":69,"column":71}},{"start":{"line":69,"column":74},"end":{"line":69,"column":83}}]},"4":{"loc":{"start":{"line":77,"column":12},"end":{"line":77,"column":38}},"type":"binary-expr","locations":[{"start":{"line":77,"column":12},"end":{"line":77,"column":26}},{"start":{"line":77,"column":30},"end":{"line":77,"column":38}}]},"5":{"loc":{"start":{"line":86,"column":12},"end":{"line":99,"column":13}},"type":"if","locations":[{"start":{"line":86,"column":12},"end":{"line":99,"column":13}},{"start":{"line":87,"column":17},"end":{"line":99,"column":13}}]},"6":{"loc":{"start":{"line":92,"column":26},"end":{"line":92,"column":52}},"type":"binary-expr","locations":[{"start":{"line":92,"column":26},"end":{"line":92,"column":40}},{"start":{"line":92,"column":44},"end":{"line":92,"column":52}}]},"7":{"loc":{"start":{"line":110,"column":10},"end":{"line":111,"column":48}},"type":"if","locations":[{"start":{"line":110,"column":10},"end":{"line":111,"column":48}},{"start":{"line":111,"column":15},"end":{"line":111,"column":48}}]}},"s":{"0":1,"1":1,"2":1,"3":1,"4":2,"5":2,"6":2,"7":1,"8":1,"9":1,"10":1,"11":1,"12":0,"13":1,"14":1,"15":1,"16":1,"17":1,"18":1,"19":1,"20":0,"21":1,"22":1,"23":1,"24":1,"25":1,"26":1,"27":1,"28":0,"29":1,"30":0,"31":0,"32":0,"33":0,"34":0,"35":0,"36":1},"f":{"0":2,"1":2,"2":2,"3":1,"4":1,"5":1,"6":1,"7":1,"8":1,"9":1,"10":1,"11":1,"12":1,"13":1,"14":0,"15":0,"16":0},"b":{"0":[1,1],"1":[0,1],"2":[0,1],"3":[1,0],"4":[1,0],"5":[0,1],"6":[1,0],"7":[0,0]}}
,"C:\\Users\\yukis\\Desktop\\uba-api_intern\\src\\helper\\userHelper.ts": {"path":"C:\\Users\\yukis\\Desktop\\uba-api_intern\\src\\helper\\userHelper.ts","statementMap":{"0":{"start":{"line":2,"column":0},"end":{"line":2,"column":28}},"1":{"start":{"line":3,"column":0},"end":{"line":3,"column":32}},"2":{"start":{"line":4,"column":0},"end":{"line":4,"column":null}},"3":{"start":{"line":12,"column":19},"end":{"line":12,"column":21}},"4":{"start":{"line":14,"column":23},"end":{"line":22,"column":2}},"5":{"start":{"line":14,"column":58},"end":{"line":22,"column":2}},"6":{"start":{"line":15,"column":2},"end":{"line":21,"column":5}},"7":{"start":{"line":16,"column":4},"end":{"line":18,"column":5}},"8":{"start":{"line":17,"column":6},"end":{"line":17,"column":75}},"9":{"start":{"line":19,"column":20},"end":{"line":19,"column":71}},"10":{"start":{"line":20,"column":4},"end":{"line":20,"column":68}},"11":{"start":{"line":14,"column":13},"end":{"line":14,"column":23}},"12":{"start":{"line":24,"column":23},"end":{"line":31,"column":2}},"13":{"start":{"line":24,"column":70},"end":{"line":31,"column":2}},"14":{"start":{"line":25,"column":2},"end":{"line":30,"column":5}},"15":{"start":{"line":26,"column":4},"end":{"line":28,"column":5}},"16":{"start":{"line":27,"column":6},"end":{"line":27,"column":75}},"17":{"start":{"line":29,"column":4},"end":{"line":29,"column":87}},"18":{"start":{"line":24,"column":13},"end":{"line":24,"column":23}},"19":{"start":{"line":33,"column":25},"end":{"line":57,"column":2}},"20":{"start":{"line":33,"column":71},"end":{"line":57,"column":2}},"21":{"start":{"line":34,"column":2},"end":{"line":56,"column":3}},"22":{"start":{"line":35,"column":27},"end":{"line":35,"column":71}},"23":{"start":{"line":37,"column":19},"end":{"line":46,"column":6}},"24":{"start":{"line":48,"column":4},"end":{"line":53,"column":7}},"25":{"start":{"line":49,"column":6},"end":{"line":51,"column":7}},"26":{"start":{"line":50,"column":8},"end":{"line":50,"column":84}},"27":{"start":{"line":52,"column":6},"end":{"line":52,"column":111}},"28":{"start":{"line":55,"column":4},"end":{"line":55,"column":71}},"29":{"start":{"line":33,"column":13},"end":{"line":33,"column":25}},"30":{"start":{"line":59,"column":25},"end":{"line":83,"column":2}},"31":{"start":{"line":59,"column":83},"end":{"line":83,"column":2}},"32":{"start":{"line":60,"column":2},"end":{"line":82,"column":3}},"33":{"start":{"line":61,"column":27},"end":{"line":61,"column":103}},"34":{"start":{"line":63,"column":19},"end":{"line":72,"column":6}},"35":{"start":{"line":74,"column":4},"end":{"line":79,"column":7}},"36":{"start":{"line":75,"column":6},"end":{"line":77,"column":7}},"37":{"start":{"line":76,"column":8},"end":{"line":76,"column":84}},"38":{"start":{"line":78,"column":6},"end":{"line":78,"column":94}},"39":{"start":{"line":81,"column":4},"end":{"line":81,"column":71}},"40":{"start":{"line":59,"column":13},"end":{"line":59,"column":25}},"41":{"start":{"line":85,"column":25},"end":{"line":92,"column":2}},"42":{"start":{"line":85,"column":72},"end":{"line":92,"column":2}},"43":{"start":{"line":86,"column":2},"end":{"line":91,"column":5}},"44":{"start":{"line":87,"column":4},"end":{"line":89,"column":5}},"45":{"start":{"line":88,"column":6},"end":{"line":88,"column":82}},"46":{"start":{"line":90,"column":4},"end":{"line":90,"column":69}},"47":{"start":{"line":85,"column":13},"end":{"line":85,"column":25}}},"fnMap":{"0":{"name":"(anonymous_7)","decl":{"start":{"line":14,"column":23},"end":{"line":14,"column":30}},"loc":{"start":{"line":14,"column":58},"end":{"line":22,"column":2}}},"1":{"name":"(anonymous_8)","decl":{"start":{"line":14,"column":58},"end":{"line":14,"column":null}},"loc":{"start":{"line":14,"column":58},"end":{"line":22,"column":1}}},"2":{"name":"(anonymous_9)","decl":{"start":{"line":15,"column":29},"end":{"line":15,"column":30}},"loc":{"start":{"line":15,"column":46},"end":{"line":21,"column":3}}},"3":{"name":"(anonymous_10)","decl":{"start":{"line":24,"column":23},"end":{"line":24,"column":30}},"loc":{"start":{"line":24,"column":70},"end":{"line":31,"column":2}}},"4":{"name":"(anonymous_11)","decl":{"start":{"line":24,"column":70},"end":{"line":24,"column":null}},"loc":{"start":{"line":24,"column":70},"end":{"line":31,"column":1}}},"5":{"name":"(anonymous_12)","decl":{"start":{"line":25,"column":35},"end":{"line":25,"column":36}},"loc":{"start":{"line":25,"column":52},"end":{"line":30,"column":3}}},"6":{"name":"(anonymous_13)","decl":{"start":{"line":33,"column":25},"end":{"line":33,"column":32}},"loc":{"start":{"line":33,"column":71},"end":{"line":57,"column":2}}},"7":{"name":"(anonymous_14)","decl":{"start":{"line":33,"column":71},"end":{"line":33,"column":null}},"loc":{"start":{"line":33,"column":71},"end":{"line":57,"column":1}}},"8":{"name":"(anonymous_15)","decl":{"start":{"line":48,"column":38},"end":{"line":48,"column":39}},"loc":{"start":{"line":48,"column":54},"end":{"line":53,"column":5}}},"9":{"name":"(anonymous_16)","decl":{"start":{"line":59,"column":25},"end":{"line":59,"column":32}},"loc":{"start":{"line":59,"column":83},"end":{"line":83,"column":2}}},"10":{"name":"(anonymous_17)","decl":{"start":{"line":59,"column":83},"end":{"line":59,"column":null}},"loc":{"start":{"line":59,"column":83},"end":{"line":83,"column":1}}},"11":{"name":"(anonymous_18)","decl":{"start":{"line":74,"column":51},"end":{"line":74,"column":52}},"loc":{"start":{"line":74,"column":67},"end":{"line":79,"column":5}}},"12":{"name":"(anonymous_19)","decl":{"start":{"line":85,"column":25},"end":{"line":85,"column":32}},"loc":{"start":{"line":85,"column":72},"end":{"line":92,"column":2}}},"13":{"name":"(anonymous_20)","decl":{"start":{"line":85,"column":72},"end":{"line":85,"column":null}},"loc":{"start":{"line":85,"column":72},"end":{"line":92,"column":1}}},"14":{"name":"(anonymous_21)","decl":{"start":{"line":86,"column":38},"end":{"line":86,"column":39}},"loc":{"start":{"line":86,"column":54},"end":{"line":91,"column":3}}}},"branchMap":{"0":{"loc":{"start":{"line":16,"column":4},"end":{"line":18,"column":5}},"type":"if","locations":[{"start":{"line":16,"column":4},"end":{"line":18,"column":5}}]},"1":{"loc":{"start":{"line":19,"column":20},"end":{"line":19,"column":71}},"type":"cond-expr","locations":[{"start":{"line":19,"column":37},"end":{"line":19,"column":52}},{"start":{"line":19,"column":55},"end":{"line":19,"column":71}}]},"2":{"loc":{"start":{"line":26,"column":4},"end":{"line":28,"column":5}},"type":"if","locations":[{"start":{"line":26,"column":4},"end":{"line":28,"column":5}}]},"3":{"loc":{"start":{"line":49,"column":6},"end":{"line":51,"column":7}},"type":"if","locations":[{"start":{"line":49,"column":6},"end":{"line":51,"column":7}}]},"4":{"loc":{"start":{"line":61,"column":27},"end":{"line":61,"column":103}},"type":"cond-expr","locations":[{"start":{"line":61,"column":43},"end":{"line":61,"column":87}},{"start":{"line":61,"column":90},"end":{"line":61,"column":103}}]},"5":{"loc":{"start":{"line":71,"column":6},"end":{"line":71,"column":24}},"type":"binary-expr","locations":[{"start":{"line":71,"column":6},"end":{"line":71,"column":16}},{"start":{"line":71,"column":20},"end":{"line":71,"column":24}}]},"6":{"loc":{"start":{"line":75,"column":6},"end":{"line":77,"column":7}},"type":"if","locations":[{"start":{"line":75,"column":6},"end":{"line":77,"column":7}}]},"7":{"loc":{"start":{"line":87,"column":4},"end":{"line":89,"column":5}},"type":"if","locations":[{"start":{"line":87,"column":4},"end":{"line":89,"column":5}}]}},"s":{"0":1,"1":1,"2":1,"3":1,"4":1,"5":1,"6":1,"7":1,"8":0,"9":1,"10":1,"11":1,"12":1,"13":1,"14":1,"15":1,"16":0,"17":1,"18":1,"19":1,"20":1,"21":1,"22":1,"23":1,"24":1,"25":1,"26":0,"27":1,"28":0,"29":1,"30":1,"31":1,"32":1,"33":1,"34":1,"35":1,"36":1,"37":0,"38":1,"39":0,"40":1,"41":1,"42":1,"43":1,"44":1,"45":0,"46":1,"47":1},"f":{"0":1,"1":1,"2":1,"3":1,"4":1,"5":1,"6":1,"7":1,"8":1,"9":1,"10":1,"11":1,"12":1,"13":1,"14":1},"b":{"0":[0],"1":[1,0],"2":[0],"3":[0],"4":[1,0],"5":[1,0],"6":[0],"7":[0]}}
}
