TN:
SF:src\controller\usercntroller.ts
FN:5,(anonymous_0)
FN:7,(anonymous_1)
FN:9,(anonymous_2)
FN:11,(anonymous_3)
FN:13,(anonymous_4)
FNF:5
FNH:5
FNDA:4,(anonymous_0)
FNDA:2,(anonymous_1)
FNDA:2,(anonymous_2)
FNDA:2,(anonymous_3)
FNDA:2,(anonymous_4)
DA:2,1
DA:3,1
DA:5,4
DA:7,2
DA:9,2
DA:11,2
DA:13,2
LF:7
LH:7
BRF:0
BRH:0
end_of_record
TN:
SF:src\entities\internshipentities.ts
FN:8,(anonymous_2)
FN:12,(anonymous_3)
FN:16,(anonymous_4)
FN:27,(anonymous_5)
FN:28,(anonymous_6)
FN:28,(anonymous_7)
FNF:6
FNH:0
FNDA:0,(anonymous_2)
FNDA:0,(anonymous_3)
FNDA:0,(anonymous_4)
FNDA:0,(anonymous_5)
FNDA:0,(anonymous_6)
FNDA:0,(anonymous_7)
DA:1,2
DA:2,2
DA:3,2
DA:7,2
DA:8,0
DA:10,2
DA:12,0
DA:14,2
DA:16,0
DA:18,2
DA:21,2
DA:25,2
DA:27,0
DA:28,0
DA:29,2
LF:15
LH:10
BRF:0
BRH:0
end_of_record
TN:
SF:src\entities\userentities.ts
FN:20,(anonymous_2)
FN:21,(anonymous_3)
FN:21,(anonymous_4)
FNF:3
FNH:0
FNDA:0,(anonymous_2)
FNDA:0,(anonymous_3)
FNDA:0,(anonymous_4)
DA:1,2
DA:2,2
DA:3,2
DA:7,2
DA:10,2
DA:14,2
DA:18,2
DA:20,0
DA:21,0
DA:22,2
LF:10
LH:8
BRF:0
BRH:0
end_of_record
TN:
SF:src\graphql\query\employeeQueries.ts
FNF:0
FNH:0
DA:2,2
DA:4,2
DA:6,2
DA:10,2
DA:25,2
LF:5
LH:5
BRF:0
BRH:0
end_of_record
TN:
SF:src\graphql\resolver\employeeresolver.ts
FN:13,(anonymous_1)
FN:14,(anonymous_2)
FN:15,(anonymous_3)
FN:22,(anonymous_4)
FN:23,(anonymous_5)
FN:24,(anonymous_6)
FN:33,(anonymous_7)
FN:40,(anonymous_8)
FN:44,(anonymous_9)
FN:64,(anonymous_10)
FN:71,(anonymous_11)
FN:85,(anonymous_12)
FN:105,(anonymous_13)
FN:106,(anonymous_14)
FN:109,(anonymous_15)
FNF:15
FNH:15
FNDA:2,(anonymous_1)
FNDA:2,(anonymous_2)
FNDA:2,(anonymous_3)
FNDA:1,(anonymous_4)
FNDA:1,(anonymous_5)
FNDA:1,(anonymous_6)
FNDA:1,(anonymous_7)
FNDA:1,(anonymous_8)
FNDA:1,(anonymous_9)
FNDA:1,(anonymous_10)
FNDA:1,(anonymous_11)
FNDA:1,(anonymous_12)
FNDA:1,(anonymous_13)
FNDA:1,(anonymous_14)
FNDA:1,(anonymous_15)
DA:1,1
DA:2,1
DA:3,1
DA:11,1
DA:14,2
DA:15,2
DA:16,2
DA:17,1
DA:23,1
DA:24,1
DA:25,1
DA:26,1
DA:36,1
DA:38,1
DA:40,1
DA:41,1
DA:45,1
DA:47,1
DA:67,1
DA:69,1
DA:71,1
DA:72,1
DA:86,1
DA:88,1
DA:106,1
DA:107,1
DA:109,1
DA:110,1
DA:111,1
DA:118,1
LF:30
LH:30
BRDA:16,0,0,1
BRDA:16,0,1,1
BRDA:25,1,0,0
BRDA:25,1,1,1
BRDA:45,2,0,0
BRDA:45,2,1,1
BRDA:69,3,0,1
BRDA:69,3,1,0
BRDA:77,4,0,1
BRDA:77,4,1,0
BRDA:86,5,0,0
BRDA:86,5,1,1
BRDA:92,6,0,1
BRDA:92,6,1,0
BRDA:110,7,0,0
BRDA:110,7,1,1
BRF:16
BRH:9
end_of_record
TN:
SF:src\graphql\resolver\typeormreslver.ts
FN:7,(anonymous_4)
FN:12,(anonymous_5)
FN:17,(anonymous_6)
FN:22,(anonymous_7)
FN:31,(anonymous_8)
FN:46,(anonymous_9)
FN:11,(anonymous_10)
FN:16,(anonymous_11)
FN:17,(anonymous_12)
FN:21,(anonymous_13)
FN:30,(anonymous_14)
FN:32,(anonymous_15)
FN:45,(anonymous_16)
FN:46,(anonymous_17)
FN:55,(anonymous_18)
FN:60,(anonymous_19)
FN:66,(anonymous_20)
FN:71,(anonymous_21)
FN:93,(anonymous_22)
FN:121,(anonymous_23)
FN:59,(anonymous_24)
FN:65,(anonymous_25)
FN:66,(anonymous_26)
FN:70,(anonymous_27)
FN:76,(anonymous_28)
FN:92,(anonymous_29)
FN:94,(anonymous_30)
FN:99,(anonymous_31)
FN:120,(anonymous_32)
FN:121,(anonymous_33)
FNF:30
FNH:8
FNDA:7,(anonymous_4)
FNDA:0,(anonymous_5)
FNDA:1,(anonymous_6)
FNDA:1,(anonymous_7)
FNDA:3,(anonymous_8)
FNDA:2,(anonymous_9)
FNDA:0,(anonymous_10)
FNDA:0,(anonymous_11)
FNDA:0,(anonymous_12)
FNDA:0,(anonymous_13)
FNDA:0,(anonymous_14)
FNDA:0,(anonymous_15)
FNDA:0,(anonymous_16)
FNDA:0,(anonymous_17)
FNDA:4,(anonymous_18)
FNDA:0,(anonymous_19)
FNDA:0,(anonymous_20)
FNDA:0,(anonymous_21)
FNDA:3,(anonymous_22)
FNDA:1,(anonymous_23)
FNDA:0,(anonymous_24)
FNDA:0,(anonymous_25)
FNDA:0,(anonymous_26)
FNDA:0,(anonymous_27)
FNDA:0,(anonymous_28)
FNDA:0,(anonymous_29)
FNDA:0,(anonymous_30)
FNDA:0,(anonymous_31)
FNDA:0,(anonymous_32)
FNDA:0,(anonymous_33)
DA:1,2
DA:2,2
DA:3,2
DA:4,2
DA:7,2
DA:8,7
DA:11,0
DA:12,2
DA:13,0
DA:16,0
DA:17,2
DA:18,1
DA:21,0
DA:22,2
DA:26,1
DA:27,1
DA:30,0
DA:31,2
DA:32,0
DA:36,3
DA:37,3
DA:38,1
DA:40,2
DA:41,2
DA:42,2
DA:45,0
DA:46,2
DA:48,2
DA:49,2
DA:50,2
DA:55,2
DA:56,4
DA:57,4
DA:59,0
DA:60,2
DA:61,0
DA:65,0
DA:66,2
DA:67,0
DA:70,0
DA:71,2
DA:76,0
DA:78,0
DA:79,0
DA:80,0
DA:82,0
DA:89,0
DA:92,0
DA:93,2
DA:94,0
DA:99,0
DA:101,3
DA:102,3
DA:103,0
DA:106,3
DA:107,3
DA:108,3
DA:109,3
DA:111,3
DA:112,2
DA:113,2
DA:114,1
DA:117,2
DA:120,0
DA:121,2
DA:122,1
DA:123,1
LF:67
LH:44
BRDA:37,0,0,1
BRDA:40,1,0,1
BRDA:41,2,0,1
BRDA:79,3,0,0
BRDA:102,4,0,0
BRDA:106,5,0,0
BRDA:107,6,0,0
BRDA:108,7,0,1
BRDA:109,8,0,1
BRDA:111,9,0,2
BRDA:113,10,0,1
BRF:11
BRH:7
end_of_record
TN:
SF:src\helper\userHelper.ts
FN:14,(anonymous_1)
FN:15,(anonymous_2)
FN:24,(anonymous_3)
FN:25,(anonymous_4)
FN:33,(anonymous_5)
FN:48,(anonymous_6)
FN:59,(anonymous_7)
FN:74,(anonymous_8)
FN:85,(anonymous_9)
FN:86,(anonymous_10)
FNF:10
FNH:10
FNDA:4,(anonymous_1)
FNDA:4,(anonymous_2)
FNDA:2,(anonymous_3)
FNDA:2,(anonymous_4)
FNDA:2,(anonymous_5)
FNDA:1,(anonymous_6)
FNDA:2,(anonymous_7)
FNDA:2,(anonymous_8)
FNDA:2,(anonymous_9)
FNDA:2,(anonymous_10)
DA:2,1
DA:3,1
DA:4,1
DA:12,1
DA:14,1
DA:15,4
DA:16,4
DA:17,2
DA:19,2
DA:20,2
DA:24,1
DA:25,2
DA:26,2
DA:27,1
DA:29,1
DA:33,1
DA:34,2
DA:35,2
DA:37,1
DA:48,1
DA:49,1
DA:50,0
DA:52,1
DA:55,1
DA:59,1
DA:60,2
DA:61,2
DA:63,2
DA:74,2
DA:75,2
DA:76,1
DA:78,1
DA:81,0
DA:85,1
DA:86,2
DA:87,2
DA:88,1
DA:90,1
LF:38
LH:36
BRDA:16,0,0,2
BRDA:19,1,0,1
BRDA:19,1,1,1
BRDA:26,2,0,1
BRDA:49,3,0,0
BRDA:61,4,0,2
BRDA:61,4,1,0
BRDA:71,5,0,2
BRDA:71,5,1,0
BRDA:75,6,0,1
BRDA:87,7,0,1
BRF:11
BRH:8
end_of_record
