TN:
SF:src\controller\usercntroller.ts
FN:5,(anonymous_0)
FN:7,(anonymous_1)
FN:9,(anonymous_2)
FN:11,(anonymous_3)
FN:13,(anonymous_4)
FNF:5
FNH:5
FNDA:1,(anonymous_0)
FNDA:1,(anonymous_1)
FNDA:1,(anonymous_2)
FNDA:1,(anonymous_3)
FNDA:1,(anonymous_4)
DA:2,1
DA:3,1
DA:5,1
DA:7,1
DA:9,1
DA:11,1
DA:13,1
LF:7
LH:7
BRF:0
BRH:0
end_of_record
TN:
SF:src\graphql\query\employeeQueries.ts
FNF:0
FNH:0
DA:2,2
DA:4,2
DA:6,2
DA:10,2
DA:25,2
LF:5
LH:5
BRF:0
BRH:0
end_of_record
TN:
SF:src\graphql\resolver\employeeresolver.ts
FN:13,(anonymous_7)
FN:14,(anonymous_8)
FN:15,(anonymous_9)
FN:22,(anonymous_10)
FN:23,(anonymous_11)
FN:24,(anonymous_12)
FN:33,(anonymous_13)
FN:33,(anonymous_14)
FN:40,(anonymous_15)
FN:44,(anonymous_16)
FN:64,(anonymous_17)
FN:64,(anonymous_18)
FN:71,(anonymous_19)
FN:85,(anonymous_20)
FN:105,(anonymous_21)
FN:106,(anonymous_22)
FN:109,(anonymous_23)
FNF:17
FNH:14
FNDA:2,(anonymous_7)
FNDA:2,(anonymous_8)
FNDA:2,(anonymous_9)
FNDA:1,(anonymous_10)
FNDA:1,(anonymous_11)
FNDA:1,(anonymous_12)
FNDA:1,(anonymous_13)
FNDA:1,(anonymous_14)
FNDA:1,(anonymous_15)
FNDA:1,(anonymous_16)
FNDA:1,(anonymous_17)
FNDA:1,(anonymous_18)
FNDA:1,(anonymous_19)
FNDA:1,(anonymous_20)
FNDA:0,(anonymous_21)
FNDA:0,(anonymous_22)
FNDA:0,(anonymous_23)
DA:1,1
DA:2,1
DA:3,1
DA:11,1
DA:14,2
DA:15,2
DA:16,2
DA:17,1
DA:23,1
DA:24,1
DA:25,1
DA:26,1
DA:33,1
DA:36,1
DA:38,1
DA:40,1
DA:41,1
DA:45,1
DA:47,1
DA:64,1
DA:67,1
DA:69,1
DA:71,1
DA:72,1
DA:86,1
DA:88,1
DA:106,0
DA:107,0
DA:109,0
DA:110,0
DA:111,0
DA:118,1
LF:32
LH:27
BRDA:16,0,0,1
BRDA:16,0,1,1
BRDA:25,1,0,0
BRDA:25,1,1,1
BRDA:45,2,0,0
BRDA:45,2,1,1
BRDA:69,3,0,1
BRDA:69,3,1,0
BRDA:77,4,0,1
BRDA:77,4,1,0
BRDA:86,5,0,0
BRDA:86,5,1,1
BRDA:92,6,0,1
BRDA:92,6,1,0
BRDA:110,7,0,0
BRDA:110,7,1,0
BRF:16
BRH:8
end_of_record
TN:
SF:src\helper\userHelper.ts
FN:14,(anonymous_7)
FN:14,(anonymous_8)
FN:15,(anonymous_9)
FN:24,(anonymous_10)
FN:24,(anonymous_11)
FN:25,(anonymous_12)
FN:33,(anonymous_13)
FN:33,(anonymous_14)
FN:48,(anonymous_15)
FN:59,(anonymous_16)
FN:59,(anonymous_17)
FN:74,(anonymous_18)
FN:85,(anonymous_19)
FN:85,(anonymous_20)
FN:86,(anonymous_21)
FNF:15
FNH:15
FNDA:1,(anonymous_7)
FNDA:1,(anonymous_8)
FNDA:1,(anonymous_9)
FNDA:1,(anonymous_10)
FNDA:1,(anonymous_11)
FNDA:1,(anonymous_12)
FNDA:1,(anonymous_13)
FNDA:1,(anonymous_14)
FNDA:1,(anonymous_15)
FNDA:1,(anonymous_16)
FNDA:1,(anonymous_17)
FNDA:1,(anonymous_18)
FNDA:1,(anonymous_19)
FNDA:1,(anonymous_20)
FNDA:1,(anonymous_21)
DA:2,1
DA:3,1
DA:4,1
DA:12,1
DA:14,1
DA:15,1
DA:16,1
DA:17,0
DA:19,1
DA:20,1
DA:24,1
DA:25,1
DA:26,1
DA:27,0
DA:29,1
DA:33,1
DA:34,1
DA:35,1
DA:37,1
DA:48,1
DA:49,1
DA:50,0
DA:52,1
DA:55,0
DA:59,1
DA:60,1
DA:61,1
DA:63,1
DA:74,1
DA:75,1
DA:76,0
DA:78,1
DA:81,0
DA:85,1
DA:86,1
DA:87,1
DA:88,0
DA:90,1
LF:38
LH:31
BRDA:16,0,0,0
BRDA:19,1,0,1
BRDA:19,1,1,0
BRDA:26,2,0,0
BRDA:49,3,0,0
BRDA:61,4,0,1
BRDA:61,4,1,0
BRDA:71,5,0,1
BRDA:71,5,1,0
BRDA:75,6,0,0
BRDA:87,7,0,0
BRF:11
BRH:3
end_of_record
